{"C:\\Users\\Yulia\\Desktop\\epam\\netflixroulette\\netflixroulette\\src\\index.tsx": {"path":"C:\\Users\\Yulia\\Desktop\\epam\\netflixroulette\\netflixroulette\\src\\index.tsx","statementMap":{"0":{"start":{"line":1,"column":0},"end":{"line":1,"column":31}},"1":{"start":{"line":2,"column":0},"end":{"line":2,"column":38}},"2":{"start":{"line":4,"column":0},"end":{"line":4,"column":35}},"3":{"start":{"line":6,"column":0},"end":{"line":9,"column":2}}},"fnMap":{},"branchMap":{},"s":{"0":0,"1":0,"2":0,"3":0},"f":{},"b":{}}
,"C:\\Users\\Yulia\\Desktop\\epam\\netflixroulette\\netflixroulette\\src\\jest.config.js": {"path":"C:\\Users\\Yulia\\Desktop\\epam\\netflixroulette\\netflixroulette\\src\\jest.config.js","statementMap":{"0":{"start":{"line":2,"column":19},"end":{"line":2,"column":41}},"1":{"start":{"line":3,"column":0},"end":{"line":7,"column":2}}},"fnMap":{},"branchMap":{},"s":{"0":0,"1":0},"f":{},"b":{}}
,"C:\\Users\\Yulia\\Desktop\\epam\\netflixroulette\\netflixroulette\\src\\components\\app\\app.tsx": {"path":"C:\\Users\\Yulia\\Desktop\\epam\\netflixroulette\\netflixroulette\\src\\components\\app\\app.tsx","statementMap":{"0":{"start":{"line":1,"column":0},"end":{"line":1,"column":31}},"1":{"start":{"line":4,"column":0},"end":{"line":4,"column":45}},"2":{"start":{"line":5,"column":0},"end":{"line":5,"column":40}},"3":{"start":{"line":6,"column":0},"end":{"line":6,"column":55}},"4":{"start":{"line":7,"column":0},"end":{"line":7,"column":46}},"5":{"start":{"line":8,"column":0},"end":{"line":8,"column":45}},"6":{"start":{"line":9,"column":0},"end":{"line":9,"column":44}},"7":{"start":{"line":10,"column":0},"end":{"line":10,"column":40}},"8":{"start":{"line":12,"column":0},"end":{"line":12,"column":33}},"9":{"start":{"line":16,"column":0},"end":{"line":16,"column":60}},"10":{"start":{"line":22,"column":0},"end":{"line":22,"column":19}},"11":{"start":{"line":24,"column":0},"end":{"line":24,"column":46}},"12":{"start":{"line":28,"column":19},"end":{"line":28,"column":35}},"13":{"start":{"line":29,"column":2},"end":{"line":29,"column":null}},"14":{"start":{"line":27,"column":0},"end":{"line":27,"column":22}},"15":{"start":{"line":32,"column":16},"end":{"line":39,"column":1}},"16":{"start":{"line":33,"column":30},"end":{"line":33,"column":64}},"17":{"start":{"line":35,"column":2},"end":{"line":37,"column":null}},"18":{"start":{"line":36,"column":17},"end":{"line":36,"column":115}},"19":{"start":{"line":36,"column":99},"end":{"line":36,"column":114}},"20":{"start":{"line":38,"column":2},"end":{"line":38,"column":16}},"21":{"start":{"line":44,"column":32},"end":{"line":85,"column":1}},"22":{"start":{"line":46,"column":28},"end":{"line":46,"column":70}},"23":{"start":{"line":47,"column":17},"end":{"line":47,"column":26}},"24":{"start":{"line":49,"column":22},"end":{"line":52,"column":3}},"25":{"start":{"line":50,"column":4},"end":{"line":50,"column":19}},"26":{"start":{"line":51,"column":4},"end":{"line":51,"column":26}},"27":{"start":{"line":53,"column":21},"end":{"line":55,"column":3}},"28":{"start":{"line":54,"column":4},"end":{"line":54,"column":19}},"29":{"start":{"line":57,"column":2},"end":{"line":83,"column":null}},"30":{"start":{"line":58,"column":19},"end":{"line":58,"column":25}},"31":{"start":{"line":59,"column":23},"end":{"line":59,"column":40}},"32":{"start":{"line":61,"column":4},"end":{"line":82,"column":null}},"33":{"start":{"line":62,"column":6},"end":{"line":70,"column":null}},"34":{"start":{"line":63,"column":39},"end":{"line":63,"column":51}},"35":{"start":{"line":68,"column":66},"end":{"line":68,"column":83}},"36":{"start":{"line":72,"column":6},"end":{"line":81,"column":null}},"37":{"start":{"line":78,"column":66},"end":{"line":78,"column":83}},"38":{"start":{"line":84,"column":2},"end":{"line":84,"column":null}},"39":{"start":{"line":87,"column":0},"end":{"line":87,"column":19}}},"fnMap":{"0":{"name":"http","decl":{"start":{"line":27,"column":22},"end":{"line":27,"column":26}},"loc":{"start":{"line":27,"column":40},"end":{"line":30,"column":null}}},"1":{"name":"(anonymous_9)","decl":{"start":{"line":32,"column":16},"end":{"line":32,"column":19}},"loc":{"start":{"line":32,"column":21},"end":{"line":39,"column":1}}},"2":{"name":"(anonymous_10)","decl":{"start":{"line":35,"column":18},"end":{"line":35,"column":21}},"loc":{"start":{"line":35,"column":23},"end":{"line":37,"column":3}}},"3":{"name":"(anonymous_11)","decl":{"start":{"line":36,"column":91},"end":{"line":36,"column":95}},"loc":{"start":{"line":36,"column":99},"end":{"line":36,"column":114}}},"4":{"name":"(anonymous_12)","decl":{"start":{"line":44,"column":32},"end":{"line":44,"column":35}},"loc":{"start":{"line":44,"column":37},"end":{"line":85,"column":1}}},"5":{"name":"(anonymous_13)","decl":{"start":{"line":49,"column":22},"end":{"line":49,"column":23}},"loc":{"start":{"line":49,"column":51},"end":{"line":52,"column":3}}},"6":{"name":"(anonymous_14)","decl":{"start":{"line":53,"column":21},"end":{"line":53,"column":29}},"loc":{"start":{"line":53,"column":31},"end":{"line":55,"column":3}}},"7":{"name":"(anonymous_15)","decl":{"start":{"line":63,"column":33},"end":{"line":63,"column":36}},"loc":{"start":{"line":63,"column":39},"end":{"line":63,"column":51}}},"8":{"name":"(anonymous_16)","decl":{"start":{"line":68,"column":56},"end":{"line":68,"column":57}},"loc":{"start":{"line":68,"column":66},"end":{"line":68,"column":83}}},"9":{"name":"(anonymous_17)","decl":{"start":{"line":78,"column":56},"end":{"line":78,"column":57}},"loc":{"start":{"line":78,"column":66},"end":{"line":78,"column":83}}}},"branchMap":{"0":{"loc":{"start":{"line":57,"column":2},"end":{"line":83,"column":null}},"type":"if","locations":[{"start":{"line":57,"column":2},"end":{"line":83,"column":null}},{"start":{"line":57,"column":2},"end":{"line":83,"column":null}}]},"1":{"loc":{"start":{"line":61,"column":4},"end":{"line":82,"column":null}},"type":"if","locations":[{"start":{"line":61,"column":4},"end":{"line":82,"column":null}},{"start":{"line":61,"column":4},"end":{"line":82,"column":null}}]}},"s":{"0":1,"1":1,"2":1,"3":1,"4":1,"5":1,"6":1,"7":1,"8":1,"9":1,"10":1,"11":1,"12":0,"13":0,"14":1,"15":1,"16":1,"17":1,"18":0,"19":0,"20":1,"21":1,"22":1,"23":1,"24":1,"25":0,"26":0,"27":1,"28":0,"29":1,"30":0,"31":0,"32":0,"33":0,"34":0,"35":0,"36":0,"37":0,"38":1,"39":1},"f":{"0":0,"1":1,"2":0,"3":0,"4":1,"5":0,"6":0,"7":0,"8":0,"9":0},"b":{"0":[0,1],"1":[0,0]}}
,"C:\\Users\\Yulia\\Desktop\\epam\\netflixroulette\\netflixroulette\\src\\components\\back-btn\\back-btn.tsx": {"path":"C:\\Users\\Yulia\\Desktop\\epam\\netflixroulette\\netflixroulette\\src\\components\\back-btn\\back-btn.tsx","statementMap":{"0":{"start":{"line":1,"column":0},"end":{"line":1,"column":31}},"1":{"start":{"line":3,"column":0},"end":{"line":3,"column":24}},"2":{"start":{"line":9,"column":35},"end":{"line":13,"column":1}},"3":{"start":{"line":10,"column":2},"end":{"line":12,"column":null}},"4":{"start":{"line":15,"column":0},"end":{"line":15,"column":23}}},"fnMap":{"0":{"name":"(anonymous_0)","decl":{"start":{"line":9,"column":35},"end":{"line":9,"column":36}},"loc":{"start":{"line":9,"column":49},"end":{"line":13,"column":1}}}},"branchMap":{},"s":{"0":3,"1":3,"2":3,"3":2,"4":3},"f":{"0":2},"b":{}}
,"C:\\Users\\Yulia\\Desktop\\epam\\netflixroulette\\netflixroulette\\src\\components\\back-btn\\index.ts": {"path":"C:\\Users\\Yulia\\Desktop\\epam\\netflixroulette\\netflixroulette\\src\\components\\back-btn\\index.ts","statementMap":{"0":{"start":{"line":1,"column":0},"end":{"line":1,"column":33}},"1":{"start":{"line":3,"column":0},"end":{"line":3,"column":23}}},"fnMap":{},"branchMap":{},"s":{"0":2,"1":2},"f":{},"b":{}}
,"C:\\Users\\Yulia\\Desktop\\epam\\netflixroulette\\netflixroulette\\src\\components\\error-boundary\\error-boundary.tsx": {"path":"C:\\Users\\Yulia\\Desktop\\epam\\netflixroulette\\netflixroulette\\src\\components\\error-boundary\\error-boundary.tsx","statementMap":{"0":{"start":{"line":1,"column":0},"end":{"line":1,"column":31}},"1":{"start":{"line":3,"column":0},"end":{"line":3,"column":30}},"2":{"start":{"line":15,"column":4},"end":{"line":15,"column":17}},"3":{"start":{"line":16,"column":4},"end":{"line":16,"column":37}},"4":{"start":{"line":20,"column":4},"end":{"line":20,"column":30}},"5":{"start":{"line":24,"column":3},"end":{"line":24,"column":null}},"6":{"start":{"line":28,"column":4},"end":{"line":32,"column":null}},"7":{"start":{"line":29,"column":6},"end":{"line":31,"column":8}},"8":{"start":{"line":33,"column":4},"end":{"line":33,"column":31}},"9":{"start":{"line":13,"column":0},"end":{"line":13,"column":21}}},"fnMap":{"0":{"name":"(anonymous_0)","decl":{"start":{"line":14,"column":2},"end":{"line":14,"column":14}},"loc":{"start":{"line":14,"column":32},"end":{"line":17,"column":3}}},"1":{"name":"(anonymous_1)","decl":{"start":{"line":19,"column":2},"end":{"line":19,"column":8}},"loc":{"start":{"line":19,"column":46},"end":{"line":21,"column":3}}},"2":{"name":"(anonymous_2)","decl":{"start":{"line":23,"column":2},"end":{"line":23,"column":19}},"loc":{"start":{"line":23,"column":60},"end":{"line":25,"column":3}}},"3":{"name":"(anonymous_3)","decl":{"start":{"line":27,"column":2},"end":{"line":27,"column":8}},"loc":{"start":{"line":27,"column":8},"end":{"line":34,"column":3}}}},"branchMap":{"0":{"loc":{"start":{"line":28,"column":4},"end":{"line":32,"column":null}},"type":"if","locations":[{"start":{"line":28,"column":4},"end":{"line":32,"column":null}},{"start":{"line":28,"column":4},"end":{"line":32,"column":null}}]}},"s":{"0":2,"1":2,"2":1,"3":1,"4":1,"5":0,"6":2,"7":1,"8":1,"9":2},"f":{"0":1,"1":1,"2":0,"3":2},"b":{"0":[1,1]}}
,"C:\\Users\\Yulia\\Desktop\\epam\\netflixroulette\\netflixroulette\\src\\components\\error-boundary\\index.ts": {"path":"C:\\Users\\Yulia\\Desktop\\epam\\netflixroulette\\netflixroulette\\src\\components\\error-boundary\\index.ts","statementMap":{"0":{"start":{"line":1,"column":0},"end":{"line":1,"column":45}},"1":{"start":{"line":3,"column":0},"end":{"line":3,"column":29}}},"fnMap":{},"branchMap":{},"s":{"0":1,"1":1},"f":{},"b":{}}
,"C:\\Users\\Yulia\\Desktop\\epam\\netflixroulette\\netflixroulette\\src\\components\\genres-info\\genres-info.tsx": {"path":"C:\\Users\\Yulia\\Desktop\\epam\\netflixroulette\\netflixroulette\\src\\components\\genres-info\\genres-info.tsx","statementMap":{"0":{"start":{"line":1,"column":0},"end":{"line":1,"column":31}},"1":{"start":{"line":3,"column":0},"end":{"line":3,"column":27}},"2":{"start":{"line":9,"column":41},"end":{"line":15,"column":1}},"3":{"start":{"line":10,"column":2},"end":{"line":14,"column":null}},"4":{"start":{"line":17,"column":0},"end":{"line":17,"column":26}}},"fnMap":{"0":{"name":"(anonymous_0)","decl":{"start":{"line":9,"column":41},"end":{"line":9,"column":42}},"loc":{"start":{"line":9,"column":66},"end":{"line":15,"column":1}}}},"branchMap":{},"s":{"0":2,"1":2,"2":2,"3":1,"4":2},"f":{"0":1},"b":{}}
,"C:\\Users\\Yulia\\Desktop\\epam\\netflixroulette\\netflixroulette\\src\\components\\genres-info\\index.ts": {"path":"C:\\Users\\Yulia\\Desktop\\epam\\netflixroulette\\netflixroulette\\src\\components\\genres-info\\index.ts","statementMap":{"0":{"start":{"line":1,"column":0},"end":{"line":1,"column":39}},"1":{"start":{"line":3,"column":0},"end":{"line":3,"column":26}}},"fnMap":{},"branchMap":{},"s":{"0":1,"1":1},"f":{},"b":{}}
,"C:\\Users\\Yulia\\Desktop\\epam\\netflixroulette\\netflixroulette\\src\\components\\logo\\index.ts": {"path":"C:\\Users\\Yulia\\Desktop\\epam\\netflixroulette\\netflixroulette\\src\\components\\logo\\index.ts","statementMap":{"0":{"start":{"line":1,"column":0},"end":{"line":1,"column":26}},"1":{"start":{"line":3,"column":0},"end":{"line":3,"column":20}}},"fnMap":{},"branchMap":{},"s":{"0":3,"1":3},"f":{},"b":{}}
,"C:\\Users\\Yulia\\Desktop\\epam\\netflixroulette\\netflixroulette\\src\\components\\movie\\index.ts": {"path":"C:\\Users\\Yulia\\Desktop\\epam\\netflixroulette\\netflixroulette\\src\\components\\movie\\index.ts","statementMap":{"0":{"start":{"line":1,"column":0},"end":{"line":1,"column":28}},"1":{"start":{"line":3,"column":0},"end":{"line":3,"column":21}}},"fnMap":{},"branchMap":{},"s":{"0":3,"1":3},"f":{},"b":{}}
,"C:\\Users\\Yulia\\Desktop\\epam\\netflixroulette\\netflixroulette\\src\\components\\movie-details\\index.ts": {"path":"C:\\Users\\Yulia\\Desktop\\epam\\netflixroulette\\netflixroulette\\src\\components\\movie-details\\index.ts","statementMap":{"0":{"start":{"line":1,"column":0},"end":{"line":1,"column":43}},"1":{"start":{"line":3,"column":0},"end":{"line":3,"column":28}}},"fnMap":{},"branchMap":{},"s":{"0":1,"1":1},"f":{},"b":{}}
,"C:\\Users\\Yulia\\Desktop\\epam\\netflixroulette\\netflixroulette\\src\\components\\movie-details\\movie-details.tsx": {"path":"C:\\Users\\Yulia\\Desktop\\epam\\netflixroulette\\netflixroulette\\src\\components\\movie-details\\movie-details.tsx","statementMap":{"0":{"start":{"line":1,"column":0},"end":{"line":1,"column":31}},"1":{"start":{"line":2,"column":0},"end":{"line":2,"column":31}},"2":{"start":{"line":4,"column":0},"end":{"line":4,"column":56}},"3":{"start":{"line":5,"column":0},"end":{"line":5,"column":29}},"4":{"start":{"line":9,"column":50},"end":{"line":29,"column":1}},"5":{"start":{"line":10,"column":2},"end":{"line":10,"column":null}},"6":{"start":{"line":11,"column":15},"end":{"line":11,"column":46}},"7":{"start":{"line":12,"column":2},"end":{"line":28,"column":null}},"8":{"start":{"line":31,"column":0},"end":{"line":31,"column":28}}},"fnMap":{"0":{"name":"(anonymous_0)","decl":{"start":{"line":9,"column":50},"end":{"line":9,"column":51}},"loc":{"start":{"line":9,"column":135},"end":{"line":29,"column":1}}}},"branchMap":{},"s":{"0":2,"1":2,"2":2,"3":2,"4":2,"5":1,"6":1,"7":1,"8":2},"f":{"0":1},"b":{}}
,"C:\\Users\\Yulia\\Desktop\\epam\\netflixroulette\\netflixroulette\\src\\components\\movies-list\\index.ts": {"path":"C:\\Users\\Yulia\\Desktop\\epam\\netflixroulette\\netflixroulette\\src\\components\\movies-list\\index.ts","statementMap":{"0":{"start":{"line":1,"column":0},"end":{"line":1,"column":39}},"1":{"start":{"line":3,"column":0},"end":{"line":3,"column":26}}},"fnMap":{},"branchMap":{},"s":{"0":2,"1":2},"f":{},"b":{}}
,"C:\\Users\\Yulia\\Desktop\\epam\\netflixroulette\\netflixroulette\\src\\components\\movies-list\\movies-list.tsx": {"path":"C:\\Users\\Yulia\\Desktop\\epam\\netflixroulette\\netflixroulette\\src\\components\\movies-list\\movies-list.tsx","statementMap":{"0":{"start":{"line":1,"column":0},"end":{"line":1,"column":31}},"1":{"start":{"line":2,"column":0},"end":{"line":2,"column":29}},"2":{"start":{"line":5,"column":0},"end":{"line":5,"column":27}},"3":{"start":{"line":13,"column":45},"end":{"line":26,"column":1}},"4":{"start":{"line":15,"column":2},"end":{"line":25,"column":null}},"5":{"start":{"line":18,"column":6},"end":{"line":20,"column":null}},"6":{"start":{"line":28,"column":0},"end":{"line":28,"column":26}}},"fnMap":{"0":{"name":"(anonymous_0)","decl":{"start":{"line":13,"column":45},"end":{"line":13,"column":46}},"loc":{"start":{"line":13,"column":69},"end":{"line":26,"column":1}}},"1":{"name":"(anonymous_1)","decl":{"start":{"line":17,"column":14},"end":{"line":17,"column":19}},"loc":{"start":{"line":18,"column":6},"end":{"line":20,"column":null}}}},"branchMap":{},"s":{"0":3,"1":3,"2":3,"3":3,"4":1,"5":2,"6":3},"f":{"0":1,"1":2},"b":{}}
,"C:\\Users\\Yulia\\Desktop\\epam\\netflixroulette\\netflixroulette\\src\\components\\movies-results\\index.ts": {"path":"C:\\Users\\Yulia\\Desktop\\epam\\netflixroulette\\netflixroulette\\src\\components\\movies-results\\index.ts","statementMap":{"0":{"start":{"line":1,"column":0},"end":{"line":1,"column":45}},"1":{"start":{"line":3,"column":0},"end":{"line":3,"column":29}}},"fnMap":{},"branchMap":{},"s":{"0":1,"1":1},"f":{},"b":{}}
,"C:\\Users\\Yulia\\Desktop\\epam\\netflixroulette\\netflixroulette\\src\\components\\movies-results\\movies-results.tsx": {"path":"C:\\Users\\Yulia\\Desktop\\epam\\netflixroulette\\netflixroulette\\src\\components\\movies-results\\movies-results.tsx","statementMap":{"0":{"start":{"line":1,"column":0},"end":{"line":1,"column":31}},"1":{"start":{"line":3,"column":0},"end":{"line":3,"column":40}},"2":{"start":{"line":13,"column":52},"end":{"line":19,"column":1}},"3":{"start":{"line":14,"column":2},"end":{"line":18,"column":null}},"4":{"start":{"line":21,"column":0},"end":{"line":21,"column":29}}},"fnMap":{"0":{"name":"(anonymous_0)","decl":{"start":{"line":13,"column":52},"end":{"line":13,"column":53}},"loc":{"start":{"line":13,"column":74},"end":{"line":19,"column":1}}}},"branchMap":{},"s":{"0":2,"1":2,"2":2,"3":1,"4":2},"f":{"0":1},"b":{}}
,"C:\\Users\\Yulia\\Desktop\\epam\\netflixroulette\\netflixroulette\\src\\components\\movies-results-info\\index.ts": {"path":"C:\\Users\\Yulia\\Desktop\\epam\\netflixroulette\\netflixroulette\\src\\components\\movies-results-info\\index.ts","statementMap":{"0":{"start":{"line":1,"column":0},"end":{"line":1,"column":54}},"1":{"start":{"line":3,"column":0},"end":{"line":3,"column":33}}},"fnMap":{},"branchMap":{},"s":{"0":1,"1":1},"f":{},"b":{}}
,"C:\\Users\\Yulia\\Desktop\\epam\\netflixroulette\\netflixroulette\\src\\components\\movies-results-info\\movies-results-info.tsx": {"path":"C:\\Users\\Yulia\\Desktop\\epam\\netflixroulette\\netflixroulette\\src\\components\\movies-results-info\\movies-results-info.tsx","statementMap":{"0":{"start":{"line":1,"column":0},"end":{"line":1,"column":31}},"1":{"start":{"line":2,"column":0},"end":{"line":2,"column":44}},"2":{"start":{"line":4,"column":0},"end":{"line":4,"column":35}},"3":{"start":{"line":10,"column":55},"end":{"line":27,"column":1}},"4":{"start":{"line":11,"column":2},"end":{"line":26,"column":null}},"5":{"start":{"line":29,"column":0},"end":{"line":29,"column":33}}},"fnMap":{"0":{"name":"(anonymous_0)","decl":{"start":{"line":10,"column":55},"end":{"line":10,"column":56}},"loc":{"start":{"line":10,"column":84},"end":{"line":27,"column":1}}}},"branchMap":{},"s":{"0":2,"1":2,"2":2,"3":2,"4":1,"5":2},"f":{"0":1},"b":{}}
,"C:\\Users\\Yulia\\Desktop\\epam\\netflixroulette\\netflixroulette\\src\\components\\poster\\index.ts": {"path":"C:\\Users\\Yulia\\Desktop\\epam\\netflixroulette\\netflixroulette\\src\\components\\poster\\index.ts","statementMap":{"0":{"start":{"line":1,"column":0},"end":{"line":1,"column":29}},"1":{"start":{"line":3,"column":0},"end":{"line":3,"column":22}}},"fnMap":{},"branchMap":{},"s":{"0":5,"1":5},"f":{},"b":{}}
,"C:\\Users\\Yulia\\Desktop\\epam\\netflixroulette\\netflixroulette\\src\\components\\poster\\poster.tsx": {"path":"C:\\Users\\Yulia\\Desktop\\epam\\netflixroulette\\netflixroulette\\src\\components\\poster\\poster.tsx","statementMap":{"0":{"start":{"line":1,"column":0},"end":{"line":1,"column":31}},"1":{"start":{"line":2,"column":0},"end":{"line":2,"column":73}},"2":{"start":{"line":10,"column":38},"end":{"line":25,"column":1}},"3":{"start":{"line":12,"column":29},"end":{"line":12,"column":57}},"4":{"start":{"line":14,"column":2},"end":{"line":16,"column":null}},"5":{"start":{"line":15,"column":4},"end":{"line":15,"column":null}},"6":{"start":{"line":18,"column":2},"end":{"line":24,"column":null}},"7":{"start":{"line":22,"column":21},"end":{"line":22,"column":49}},"8":{"start":{"line":27,"column":0},"end":{"line":27,"column":22}}},"fnMap":{"0":{"name":"(anonymous_0)","decl":{"start":{"line":10,"column":38},"end":{"line":10,"column":39}},"loc":{"start":{"line":10,"column":72},"end":{"line":25,"column":1}}},"1":{"name":"(anonymous_1)","decl":{"start":{"line":14,"column":18},"end":{"line":14,"column":21}},"loc":{"start":{"line":14,"column":23},"end":{"line":16,"column":3}}},"2":{"name":"(anonymous_2)","decl":{"start":{"line":22,"column":15},"end":{"line":22,"column":18}},"loc":{"start":{"line":22,"column":21},"end":{"line":22,"column":49}}}},"branchMap":{},"s":{"0":6,"1":6,"2":6,"3":1,"4":1,"5":0,"6":1,"7":0,"8":6},"f":{"0":1,"1":0,"2":0},"b":{}}
,"C:\\Users\\Yulia\\Desktop\\epam\\netflixroulette\\netflixroulette\\src\\components\\radio-toolbar\\index.ts": {"path":"C:\\Users\\Yulia\\Desktop\\epam\\netflixroulette\\netflixroulette\\src\\components\\radio-toolbar\\index.ts","statementMap":{"0":{"start":{"line":1,"column":0},"end":{"line":1,"column":43}},"1":{"start":{"line":3,"column":0},"end":{"line":3,"column":28}}},"fnMap":{},"branchMap":{},"s":{"0":3,"1":3},"f":{},"b":{}}
,"C:\\Users\\Yulia\\Desktop\\epam\\netflixroulette\\netflixroulette\\src\\components\\radio-toolbar\\radio-toolbar.tsx": {"path":"C:\\Users\\Yulia\\Desktop\\epam\\netflixroulette\\netflixroulette\\src\\components\\radio-toolbar\\radio-toolbar.tsx","statementMap":{"0":{"start":{"line":1,"column":0},"end":{"line":1,"column":31}},"1":{"start":{"line":12,"column":50},"end":{"line":32,"column":1}},"2":{"start":{"line":14,"column":30},"end":{"line":14,"column":58}},"3":{"start":{"line":16,"column":2},"end":{"line":31,"column":null}},"4":{"start":{"line":23,"column":8},"end":{"line":28,"column":null}},"5":{"start":{"line":25,"column":126},"end":{"line":25,"column":143}},"6":{"start":{"line":34,"column":0},"end":{"line":34,"column":28}}},"fnMap":{"0":{"name":"(anonymous_0)","decl":{"start":{"line":12,"column":50},"end":{"line":12,"column":51}},"loc":{"start":{"line":12,"column":68},"end":{"line":32,"column":1}}},"1":{"name":"(anonymous_1)","decl":{"start":{"line":21,"column":17},"end":{"line":21,"column":21}},"loc":{"start":{"line":21,"column":24},"end":{"line":29,"column":7}}},"2":{"name":"(anonymous_2)","decl":{"start":{"line":25,"column":122},"end":{"line":25,"column":124}},"loc":{"start":{"line":25,"column":126},"end":{"line":25,"column":143}}}},"branchMap":{"0":{"loc":{"start":{"line":26,"column":41},"end":{"line":26,"column":51}},"type":"binary-expr","locations":[{"start":{"line":26,"column":41},"end":{"line":26,"column":51}},{"start":{"line":26,"column":55},"end":{"line":26,"column":62}}]}},"s":{"0":4,"1":4,"2":1,"3":1,"4":2,"5":0,"6":4},"f":{"0":1,"1":2,"2":0},"b":{"0":[2,1]}}
,"C:\\Users\\Yulia\\Desktop\\epam\\netflixroulette\\netflixroulette\\src\\components\\search-form\\index.ts": {"path":"C:\\Users\\Yulia\\Desktop\\epam\\netflixroulette\\netflixroulette\\src\\components\\search-form\\index.ts","statementMap":{"0":{"start":{"line":1,"column":0},"end":{"line":1,"column":39}},"1":{"start":{"line":3,"column":0},"end":{"line":3,"column":26}}},"fnMap":{},"branchMap":{},"s":{"0":1,"1":1},"f":{},"b":{}}
,"C:\\Users\\Yulia\\Desktop\\epam\\netflixroulette\\netflixroulette\\src\\components\\search-form\\search-form.tsx": {"path":"C:\\Users\\Yulia\\Desktop\\epam\\netflixroulette\\netflixroulette\\src\\components\\search-form\\search-form.tsx","statementMap":{"0":{"start":{"line":1,"column":0},"end":{"line":1,"column":31}},"1":{"start":{"line":2,"column":0},"end":{"line":2,"column":44}},"2":{"start":{"line":4,"column":0},"end":{"line":4,"column":27}},"3":{"start":{"line":10,"column":46},"end":{"line":41,"column":1}},"4":{"start":{"line":11,"column":4},"end":{"line":40,"column":null}},"5":{"start":{"line":43,"column":0},"end":{"line":43,"column":26}}},"fnMap":{"0":{"name":"(anonymous_0)","decl":{"start":{"line":10,"column":46},"end":{"line":10,"column":49}},"loc":{"start":{"line":10,"column":51},"end":{"line":41,"column":1}}}},"branchMap":{},"s":{"0":2,"1":2,"2":2,"3":2,"4":1,"5":2},"f":{"0":1},"b":{}}
,"C:\\Users\\Yulia\\Desktop\\epam\\netflixroulette\\netflixroulette\\src\\components\\spinner\\index.ts": {"path":"C:\\Users\\Yulia\\Desktop\\epam\\netflixroulette\\netflixroulette\\src\\components\\spinner\\index.ts","statementMap":{"0":{"start":{"line":1,"column":0},"end":{"line":1,"column":32}},"1":{"start":{"line":3,"column":0},"end":{"line":3,"column":23}}},"fnMap":{},"branchMap":{},"s":{"0":1,"1":1},"f":{},"b":{}}
,"C:\\Users\\Yulia\\Desktop\\epam\\netflixroulette\\netflixroulette\\src\\components\\spinner\\spinner.tsx": {"path":"C:\\Users\\Yulia\\Desktop\\epam\\netflixroulette\\netflixroulette\\src\\components\\spinner\\spinner.tsx","statementMap":{"0":{"start":{"line":1,"column":0},"end":{"line":1,"column":31}},"1":{"start":{"line":3,"column":0},"end":{"line":3,"column":23}},"2":{"start":{"line":5,"column":25},"end":{"line":14,"column":1}},"3":{"start":{"line":6,"column":2},"end":{"line":13,"column":4}},"4":{"start":{"line":16,"column":0},"end":{"line":16,"column":23}}},"fnMap":{"0":{"name":"(anonymous_0)","decl":{"start":{"line":5,"column":25},"end":{"line":5,"column":28}},"loc":{"start":{"line":5,"column":30},"end":{"line":14,"column":1}}}},"branchMap":{},"s":{"0":2,"1":2,"2":2,"3":1,"4":2},"f":{"0":1},"b":{}}
,"C:\\Users\\Yulia\\Desktop\\epam\\netflixroulette\\netflixroulette\\src\\containers\\footer\\footer.tsx": {"path":"C:\\Users\\Yulia\\Desktop\\epam\\netflixroulette\\netflixroulette\\src\\containers\\footer\\footer.tsx","statementMap":{"0":{"start":{"line":1,"column":0},"end":{"line":1,"column":31}},"1":{"start":{"line":2,"column":0},"end":{"line":2,"column":41}},"2":{"start":{"line":4,"column":0},"end":{"line":4,"column":22}},"3":{"start":{"line":6,"column":24},"end":{"line":6,"column":55}},"4":{"start":{"line":6,"column":30},"end":{"line":6,"column":55}},"5":{"start":{"line":8,"column":0},"end":{"line":8,"column":22}}},"fnMap":{"0":{"name":"(anonymous_0)","decl":{"start":{"line":6,"column":24},"end":{"line":6,"column":27}},"loc":{"start":{"line":6,"column":30},"end":{"line":6,"column":55}}}},"branchMap":{},"s":{"0":2,"1":2,"2":2,"3":2,"4":1,"5":2},"f":{"0":1},"b":{}}
,"C:\\Users\\Yulia\\Desktop\\epam\\netflixroulette\\netflixroulette\\src\\containers\\footer\\index.ts": {"path":"C:\\Users\\Yulia\\Desktop\\epam\\netflixroulette\\netflixroulette\\src\\containers\\footer\\index.ts","statementMap":{"0":{"start":{"line":1,"column":0},"end":{"line":1,"column":30}},"1":{"start":{"line":3,"column":0},"end":{"line":3,"column":22}}},"fnMap":{},"branchMap":{},"s":{"0":1,"1":1},"f":{},"b":{}}
,"C:\\Users\\Yulia\\Desktop\\epam\\netflixroulette\\netflixroulette\\src\\containers\\header\\header.tsx": {"path":"C:\\Users\\Yulia\\Desktop\\epam\\netflixroulette\\netflixroulette\\src\\containers\\header\\header.tsx","statementMap":{"0":{"start":{"line":1,"column":0},"end":{"line":1,"column":31}},"1":{"start":{"line":2,"column":0},"end":{"line":2,"column":41}},"2":{"start":{"line":3,"column":0},"end":{"line":3,"column":48}},"3":{"start":{"line":5,"column":0},"end":{"line":5,"column":22}},"4":{"start":{"line":13,"column":33},"end":{"line":24,"column":1}},"5":{"start":{"line":15,"column":2},"end":{"line":17,"column":null}},"6":{"start":{"line":16,"column":4},"end":{"line":16,"column":null}},"7":{"start":{"line":18,"column":2},"end":{"line":23,"column":null}},"8":{"start":{"line":26,"column":0},"end":{"line":26,"column":22}}},"fnMap":{"0":{"name":"(anonymous_0)","decl":{"start":{"line":13,"column":33},"end":{"line":13,"column":34}},"loc":{"start":{"line":13,"column":58},"end":{"line":24,"column":1}}}},"branchMap":{"0":{"loc":{"start":{"line":15,"column":2},"end":{"line":17,"column":null}},"type":"if","locations":[{"start":{"line":15,"column":2},"end":{"line":17,"column":null}},{"start":{"line":15,"column":2},"end":{"line":17,"column":null}}]}},"s":{"0":2,"1":2,"2":2,"3":2,"4":2,"5":2,"6":1,"7":2,"8":2},"f":{"0":2},"b":{"0":[1,1]}}
,"C:\\Users\\Yulia\\Desktop\\epam\\netflixroulette\\netflixroulette\\src\\containers\\header\\index.ts": {"path":"C:\\Users\\Yulia\\Desktop\\epam\\netflixroulette\\netflixroulette\\src\\containers\\header\\index.ts","statementMap":{"0":{"start":{"line":1,"column":0},"end":{"line":1,"column":30}},"1":{"start":{"line":3,"column":0},"end":{"line":3,"column":22}}},"fnMap":{},"branchMap":{},"s":{"0":1,"1":1},"f":{},"b":{}}
,"C:\\Users\\Yulia\\Desktop\\epam\\netflixroulette\\netflixroulette\\src\\containers\\info-container\\index.ts": {"path":"C:\\Users\\Yulia\\Desktop\\epam\\netflixroulette\\netflixroulette\\src\\containers\\info-container\\index.ts","statementMap":{"0":{"start":{"line":1,"column":0},"end":{"line":1,"column":45}},"1":{"start":{"line":3,"column":0},"end":{"line":3,"column":29}}},"fnMap":{},"branchMap":{},"s":{"0":1,"1":1},"f":{},"b":{}}
,"C:\\Users\\Yulia\\Desktop\\epam\\netflixroulette\\netflixroulette\\src\\containers\\info-container\\info-container.tsx": {"path":"C:\\Users\\Yulia\\Desktop\\epam\\netflixroulette\\netflixroulette\\src\\containers\\info-container\\info-container.tsx","statementMap":{"0":{"start":{"line":1,"column":0},"end":{"line":1,"column":31}},"1":{"start":{"line":3,"column":0},"end":{"line":3,"column":30}},"2":{"start":{"line":9,"column":52},"end":{"line":11,"column":1}},"3":{"start":{"line":10,"column":4},"end":{"line":10,"column":null}},"4":{"start":{"line":13,"column":0},"end":{"line":13,"column":29}}},"fnMap":{"0":{"name":"(anonymous_0)","decl":{"start":{"line":9,"column":52},"end":{"line":9,"column":53}},"loc":{"start":{"line":9,"column":62},"end":{"line":11,"column":1}}}},"branchMap":{},"s":{"0":2,"1":2,"2":2,"3":1,"4":2},"f":{"0":1},"b":{}}
,"C:\\Users\\Yulia\\Desktop\\epam\\netflixroulette\\netflixroulette\\src\\helpers\\helpers.ts": {"path":"C:\\Users\\Yulia\\Desktop\\epam\\netflixroulette\\netflixroulette\\src\\helpers\\helpers.ts","statementMap":{"0":{"start":{"line":1,"column":13},"end":{"line":5,"column":2}},"1":{"start":{"line":4,"column":2},"end":{"line":4,"column":37}}},"fnMap":{"0":{"name":"(anonymous_0)","decl":{"start":{"line":1,"column":57},"end":{"line":1,"column":null}},"loc":{"start":{"line":2,"column":12},"end":{"line":5,"column":1}}}},"branchMap":{},"s":{"0":5,"1":2},"f":{"0":2},"b":{}}
}
