{"C:\\Users\\Yulia\\Desktop\\epam\\netflixroulette\\netflixroulette\\src\\index.tsx": {"path":"C:\\Users\\Yulia\\Desktop\\epam\\netflixroulette\\netflixroulette\\src\\index.tsx","statementMap":{"0":{"start":{"line":1,"column":0},"end":{"line":1,"column":31}},"1":{"start":{"line":2,"column":0},"end":{"line":2,"column":38}},"2":{"start":{"line":3,"column":0},"end":{"line":3,"column":61}},"3":{"start":{"line":4,"column":0},"end":{"line":4,"column":39}},"4":{"start":{"line":5,"column":0},"end":{"line":5,"column":35}},"5":{"start":{"line":6,"column":0},"end":{"line":6,"column":56}},"6":{"start":{"line":7,"column":0},"end":{"line":7,"column":49}},"7":{"start":{"line":10,"column":2},"end":{"line":15,"column":null}},"8":{"start":{"line":19,"column":0},"end":{"line":22,"column":2}}},"fnMap":{},"branchMap":{},"s":{"0":0,"1":0,"2":0,"3":0,"4":0,"5":0,"6":0,"7":0,"8":0},"f":{},"b":{}}
,"C:\\Users\\Yulia\\Desktop\\epam\\netflixroulette\\netflixroulette\\src\\jest.config.js": {"path":"C:\\Users\\Yulia\\Desktop\\epam\\netflixroulette\\netflixroulette\\src\\jest.config.js","statementMap":{"0":{"start":{"line":2,"column":19},"end":{"line":2,"column":41}},"1":{"start":{"line":3,"column":0},"end":{"line":7,"column":2}}},"fnMap":{},"branchMap":{},"s":{"0":0,"1":0},"f":{},"b":{}}
,"C:\\Users\\Yulia\\Desktop\\epam\\netflixroulette\\netflixroulette\\src\\components\\app\\app.tsx": {"path":"C:\\Users\\Yulia\\Desktop\\epam\\netflixroulette\\netflixroulette\\src\\components\\app\\app.tsx","statementMap":{"0":{"start":{"line":1,"column":0},"end":{"line":1,"column":31}},"1":{"start":{"line":2,"column":0},"end":{"line":2,"column":42}},"2":{"start":{"line":3,"column":0},"end":{"line":3,"column":45}},"3":{"start":{"line":4,"column":0},"end":{"line":4,"column":40}},"4":{"start":{"line":5,"column":0},"end":{"line":5,"column":55}},"5":{"start":{"line":6,"column":0},"end":{"line":6,"column":45}},"6":{"start":{"line":7,"column":0},"end":{"line":7,"column":44}},"7":{"start":{"line":8,"column":0},"end":{"line":8,"column":40}},"8":{"start":{"line":9,"column":0},"end":{"line":9,"column":60}},"9":{"start":{"line":10,"column":0},"end":{"line":10,"column":40}},"10":{"start":{"line":11,"column":0},"end":{"line":11,"column":63}},"11":{"start":{"line":13,"column":0},"end":{"line":13,"column":19}},"12":{"start":{"line":15,"column":21},"end":{"line":44,"column":1}},"13":{"start":{"line":17,"column":13},"end":{"line":17,"column":33}},"14":{"start":{"line":19,"column":0},"end":{"line":43,"column":null}},"15":{"start":{"line":20,"column":2},"end":{"line":30,"column":null}},"16":{"start":{"line":31,"column":9},"end":{"line":43,"column":null}},"17":{"start":{"line":32,"column":4},"end":{"line":42,"column":null}},"18":{"start":{"line":46,"column":0},"end":{"line":46,"column":19}}},"fnMap":{"0":{"name":"(anonymous_0)","decl":{"start":{"line":15,"column":21},"end":{"line":15,"column":24}},"loc":{"start":{"line":15,"column":26},"end":{"line":44,"column":1}}}},"branchMap":{"0":{"loc":{"start":{"line":19,"column":0},"end":{"line":43,"column":null}},"type":"if","locations":[{"start":{"line":19,"column":0},"end":{"line":43,"column":null}},{"start":{"line":19,"column":0},"end":{"line":43,"column":null}}]},"1":{"loc":{"start":{"line":31,"column":9},"end":{"line":43,"column":null}},"type":"if","locations":[{"start":{"line":31,"column":9},"end":{"line":43,"column":null}},{"start":{"line":31,"column":9},"end":{"line":43,"column":null}}]}},"s":{"0":0,"1":0,"2":0,"3":0,"4":0,"5":0,"6":0,"7":0,"8":0,"9":0,"10":0,"11":0,"12":0,"13":0,"14":0,"15":0,"16":0,"17":0,"18":0},"f":{"0":0},"b":{"0":[0,0],"1":[0,0]}}
,"C:\\Users\\Yulia\\Desktop\\epam\\netflixroulette\\netflixroulette\\src\\components\\back-btn\\back-btn.tsx": {"path":"C:\\Users\\Yulia\\Desktop\\epam\\netflixroulette\\netflixroulette\\src\\components\\back-btn\\back-btn.tsx","statementMap":{"0":{"start":{"line":1,"column":0},"end":{"line":1,"column":31}},"1":{"start":{"line":2,"column":0},"end":{"line":2,"column":42}},"2":{"start":{"line":3,"column":0},"end":{"line":3,"column":63}},"3":{"start":{"line":5,"column":0},"end":{"line":5,"column":24}},"4":{"start":{"line":7,"column":25},"end":{"line":12,"column":1}},"5":{"start":{"line":8,"column":19},"end":{"line":8,"column":32}},"6":{"start":{"line":9,"column":2},"end":{"line":11,"column":null}},"7":{"start":{"line":10,"column":62},"end":{"line":10,"column":84}},"8":{"start":{"line":14,"column":0},"end":{"line":14,"column":23}}},"fnMap":{"0":{"name":"(anonymous_0)","decl":{"start":{"line":7,"column":25},"end":{"line":7,"column":28}},"loc":{"start":{"line":7,"column":30},"end":{"line":12,"column":1}}},"1":{"name":"(anonymous_1)","decl":{"start":{"line":10,"column":56},"end":{"line":10,"column":59}},"loc":{"start":{"line":10,"column":62},"end":{"line":10,"column":84}}}},"branchMap":{},"s":{"0":0,"1":0,"2":0,"3":0,"4":0,"5":0,"6":0,"7":0,"8":0},"f":{"0":0,"1":0},"b":{}}
,"C:\\Users\\Yulia\\Desktop\\epam\\netflixroulette\\netflixroulette\\src\\components\\error-boundary\\error-boundary.tsx": {"path":"C:\\Users\\Yulia\\Desktop\\epam\\netflixroulette\\netflixroulette\\src\\components\\error-boundary\\error-boundary.tsx","statementMap":{"0":{"start":{"line":1,"column":0},"end":{"line":1,"column":31}},"1":{"start":{"line":3,"column":0},"end":{"line":3,"column":30}},"2":{"start":{"line":15,"column":4},"end":{"line":15,"column":17}},"3":{"start":{"line":16,"column":4},"end":{"line":16,"column":37}},"4":{"start":{"line":20,"column":4},"end":{"line":20,"column":30}},"5":{"start":{"line":24,"column":3},"end":{"line":24,"column":null}},"6":{"start":{"line":28,"column":4},"end":{"line":32,"column":null}},"7":{"start":{"line":29,"column":6},"end":{"line":31,"column":8}},"8":{"start":{"line":33,"column":4},"end":{"line":33,"column":31}},"9":{"start":{"line":13,"column":0},"end":{"line":13,"column":21}}},"fnMap":{"0":{"name":"(anonymous_0)","decl":{"start":{"line":14,"column":2},"end":{"line":14,"column":14}},"loc":{"start":{"line":14,"column":32},"end":{"line":17,"column":3}}},"1":{"name":"(anonymous_1)","decl":{"start":{"line":19,"column":2},"end":{"line":19,"column":8}},"loc":{"start":{"line":19,"column":46},"end":{"line":21,"column":3}}},"2":{"name":"(anonymous_2)","decl":{"start":{"line":23,"column":2},"end":{"line":23,"column":19}},"loc":{"start":{"line":23,"column":60},"end":{"line":25,"column":3}}},"3":{"name":"(anonymous_3)","decl":{"start":{"line":27,"column":2},"end":{"line":27,"column":8}},"loc":{"start":{"line":27,"column":8},"end":{"line":34,"column":3}}}},"branchMap":{"0":{"loc":{"start":{"line":28,"column":4},"end":{"line":32,"column":null}},"type":"if","locations":[{"start":{"line":28,"column":4},"end":{"line":32,"column":null}},{"start":{"line":28,"column":4},"end":{"line":32,"column":null}}]}},"s":{"0":1,"1":1,"2":0,"3":0,"4":0,"5":0,"6":0,"7":0,"8":0,"9":1},"f":{"0":0,"1":0,"2":0,"3":0},"b":{"0":[0,0]}}
,"C:\\Users\\Yulia\\Desktop\\epam\\netflixroulette\\netflixroulette\\src\\components\\genres-info\\genres-info.tsx": {"path":"C:\\Users\\Yulia\\Desktop\\epam\\netflixroulette\\netflixroulette\\src\\components\\genres-info\\genres-info.tsx","statementMap":{"0":{"start":{"line":1,"column":0},"end":{"line":1,"column":31}},"1":{"start":{"line":2,"column":0},"end":{"line":2,"column":42}},"2":{"start":{"line":3,"column":0},"end":{"line":3,"column":68}},"3":{"start":{"line":5,"column":0},"end":{"line":5,"column":27}},"4":{"start":{"line":7,"column":28},"end":{"line":12,"column":1}},"5":{"start":{"line":8,"column":16},"end":{"line":8,"column":42}},"6":{"start":{"line":9,"column":2},"end":{"line":11,"column":null}},"7":{"start":{"line":14,"column":0},"end":{"line":14,"column":26}}},"fnMap":{"0":{"name":"(anonymous_0)","decl":{"start":{"line":7,"column":28},"end":{"line":7,"column":31}},"loc":{"start":{"line":7,"column":33},"end":{"line":12,"column":1}}}},"branchMap":{},"s":{"0":0,"1":0,"2":0,"3":0,"4":0,"5":0,"6":0,"7":0},"f":{"0":0},"b":{}}
,"C:\\Users\\Yulia\\Desktop\\epam\\netflixroulette\\netflixroulette\\src\\components\\logo\\index.ts": {"path":"C:\\Users\\Yulia\\Desktop\\epam\\netflixroulette\\netflixroulette\\src\\components\\logo\\index.ts","statementMap":{"0":{"start":{"line":1,"column":0},"end":{"line":1,"column":26}},"1":{"start":{"line":3,"column":0},"end":{"line":3,"column":20}}},"fnMap":{},"branchMap":{},"s":{"0":1,"1":1},"f":{},"b":{}}
,"C:\\Users\\Yulia\\Desktop\\epam\\netflixroulette\\netflixroulette\\src\\components\\movie\\movie.tsx": {"path":"C:\\Users\\Yulia\\Desktop\\epam\\netflixroulette\\netflixroulette\\src\\components\\movie\\movie.tsx","statementMap":{"0":{"start":{"line":1,"column":0},"end":{"line":1,"column":31}},"1":{"start":{"line":2,"column":0},"end":{"line":2,"column":41}},"2":{"start":{"line":3,"column":0},"end":{"line":3,"column":38}},"3":{"start":{"line":5,"column":0},"end":{"line":5,"column":64}},"4":{"start":{"line":6,"column":0},"end":{"line":6,"column":58}},"5":{"start":{"line":7,"column":0},"end":{"line":7,"column":68}},"6":{"start":{"line":9,"column":0},"end":{"line":9,"column":21}},"7":{"start":{"line":15,"column":36},"end":{"line":29,"column":1}},"8":{"start":{"line":16,"column":19},"end":{"line":16,"column":32}},"9":{"start":{"line":17,"column":55},"end":{"line":17,"column":59}},"10":{"start":{"line":18,"column":15},"end":{"line":18,"column":46}},"11":{"start":{"line":20,"column":24},"end":{"line":24,"column":3}},"12":{"start":{"line":21,"column":4},"end":{"line":21,"column":25}},"13":{"start":{"line":22,"column":4},"end":{"line":22,"column":32}},"14":{"start":{"line":23,"column":4},"end":{"line":23,"column":36}},"15":{"start":{"line":26,"column":2},"end":{"line":28,"column":null}},"16":{"start":{"line":31,"column":0},"end":{"line":31,"column":21}}},"fnMap":{"0":{"name":"(anonymous_0)","decl":{"start":{"line":15,"column":36},"end":{"line":15,"column":37}},"loc":{"start":{"line":15,"column":49},"end":{"line":29,"column":1}}},"1":{"name":"(anonymous_1)","decl":{"start":{"line":20,"column":24},"end":{"line":20,"column":27}},"loc":{"start":{"line":20,"column":29},"end":{"line":24,"column":3}}}},"branchMap":{},"s":{"0":0,"1":0,"2":0,"3":0,"4":0,"5":0,"6":0,"7":0,"8":0,"9":0,"10":0,"11":0,"12":0,"13":0,"14":0,"15":0,"16":0},"f":{"0":0,"1":0},"b":{}}
,"C:\\Users\\Yulia\\Desktop\\epam\\netflixroulette\\netflixroulette\\src\\components\\movie-details\\movie-details.tsx": {"path":"C:\\Users\\Yulia\\Desktop\\epam\\netflixroulette\\netflixroulette\\src\\components\\movie-details\\movie-details.tsx","statementMap":{"0":{"start":{"line":1,"column":0},"end":{"line":1,"column":31}},"1":{"start":{"line":2,"column":0},"end":{"line":2,"column":42}},"2":{"start":{"line":3,"column":0},"end":{"line":3,"column":53}},"3":{"start":{"line":5,"column":0},"end":{"line":5,"column":58}},"4":{"start":{"line":7,"column":0},"end":{"line":7,"column":70}},"5":{"start":{"line":9,"column":0},"end":{"line":9,"column":29}},"6":{"start":{"line":12,"column":45},"end":{"line":26,"column":1}},"7":{"start":{"line":13,"column":30},"end":{"line":13,"column":73}},"8":{"start":{"line":14,"column":81},"end":{"line":14,"column":86}},"9":{"start":{"line":15,"column":15},"end":{"line":15,"column":46}},"10":{"start":{"line":17,"column":2},"end":{"line":25,"column":null}},"11":{"start":{"line":28,"column":0},"end":{"line":28,"column":28}}},"fnMap":{"0":{"name":"(anonymous_0)","decl":{"start":{"line":12,"column":45},"end":{"line":12,"column":48}},"loc":{"start":{"line":12,"column":50},"end":{"line":26,"column":1}}}},"branchMap":{},"s":{"0":0,"1":0,"2":0,"3":0,"4":0,"5":0,"6":0,"7":0,"8":0,"9":0,"10":0,"11":0},"f":{"0":0},"b":{}}
,"C:\\Users\\Yulia\\Desktop\\epam\\netflixroulette\\netflixroulette\\src\\components\\movie-details-view\\movie-details-view.tsx": {"path":"C:\\Users\\Yulia\\Desktop\\epam\\netflixroulette\\netflixroulette\\src\\components\\movie-details-view\\movie-details-view.tsx","statementMap":{"0":{"start":{"line":1,"column":0},"end":{"line":1,"column":31}},"1":{"start":{"line":2,"column":0},"end":{"line":2,"column":31}},"2":{"start":{"line":13,"column":58},"end":{"line":28,"column":1}},"3":{"start":{"line":14,"column":2},"end":{"line":27,"column":null}},"4":{"start":{"line":30,"column":0},"end":{"line":30,"column":32}}},"fnMap":{"0":{"name":"(anonymous_0)","decl":{"start":{"line":13,"column":58},"end":{"line":13,"column":59}},"loc":{"start":{"line":13,"column":125},"end":{"line":28,"column":1}}}},"branchMap":{},"s":{"0":1,"1":1,"2":1,"3":1,"4":1},"f":{"0":1},"b":{}}
,"C:\\Users\\Yulia\\Desktop\\epam\\netflixroulette\\netflixroulette\\src\\components\\movie-view\\movie-view.tsx": {"path":"C:\\Users\\Yulia\\Desktop\\epam\\netflixroulette\\netflixroulette\\src\\components\\movie-view\\movie-view.tsx","statementMap":{"0":{"start":{"line":1,"column":0},"end":{"line":1,"column":31}},"1":{"start":{"line":2,"column":0},"end":{"line":2,"column":31}},"2":{"start":{"line":12,"column":44},"end":{"line":26,"column":1}},"3":{"start":{"line":13,"column":2},"end":{"line":25,"column":null}},"4":{"start":{"line":28,"column":0},"end":{"line":28,"column":25}}},"fnMap":{"0":{"name":"(anonymous_0)","decl":{"start":{"line":12,"column":44},"end":{"line":12,"column":45}},"loc":{"start":{"line":12,"column":100},"end":{"line":26,"column":1}}}},"branchMap":{},"s":{"0":1,"1":1,"2":1,"3":1,"4":1},"f":{"0":1},"b":{}}
,"C:\\Users\\Yulia\\Desktop\\epam\\netflixroulette\\netflixroulette\\src\\components\\movies-list\\movies-list.tsx": {"path":"C:\\Users\\Yulia\\Desktop\\epam\\netflixroulette\\netflixroulette\\src\\components\\movies-list\\movies-list.tsx","statementMap":{"0":{"start":{"line":1,"column":0},"end":{"line":1,"column":31}},"1":{"start":{"line":2,"column":0},"end":{"line":2,"column":42}},"2":{"start":{"line":3,"column":0},"end":{"line":3,"column":29}},"3":{"start":{"line":4,"column":0},"end":{"line":4,"column":33}},"4":{"start":{"line":6,"column":0},"end":{"line":6,"column":104}},"5":{"start":{"line":7,"column":0},"end":{"line":7,"column":77}},"6":{"start":{"line":9,"column":0},"end":{"line":9,"column":27}},"7":{"start":{"line":11,"column":28},"end":{"line":45,"column":1}},"8":{"start":{"line":12,"column":33},"end":{"line":12,"column":55}},"9":{"start":{"line":13,"column":43},"end":{"line":13,"column":73}},"10":{"start":{"line":14,"column":15},"end":{"line":14,"column":35}},"11":{"start":{"line":15,"column":16},"end":{"line":15,"column":42}},"12":{"start":{"line":16,"column":13},"end":{"line":16,"column":37}},"13":{"start":{"line":17,"column":20},"end":{"line":17,"column":43}},"14":{"start":{"line":19,"column":39},"end":{"line":19,"column":43}},"15":{"start":{"line":20,"column":2},"end":{"line":24,"column":null}},"16":{"start":{"line":21,"column":4},"end":{"line":21,"column":38}},"17":{"start":{"line":23,"column":4},"end":{"line":23,"column":28}},"18":{"start":{"line":26,"column":2},"end":{"line":44,"column":null}},"19":{"start":{"line":27,"column":4},"end":{"line":27,"column":null}},"20":{"start":{"line":28,"column":9},"end":{"line":44,"column":null}},"21":{"start":{"line":29,"column":4},"end":{"line":33,"column":null}},"22":{"start":{"line":35,"column":6},"end":{"line":43,"column":null}},"23":{"start":{"line":38,"column":12},"end":{"line":39,"column":null}},"24":{"start":{"line":47,"column":0},"end":{"line":47,"column":26}}},"fnMap":{"0":{"name":"(anonymous_0)","decl":{"start":{"line":11,"column":28},"end":{"line":11,"column":31}},"loc":{"start":{"line":11,"column":33},"end":{"line":45,"column":1}}},"1":{"name":"(anonymous_1)","decl":{"start":{"line":37,"column":30},"end":{"line":37,"column":35}},"loc":{"start":{"line":38,"column":12},"end":{"line":39,"column":null}}}},"branchMap":{"0":{"loc":{"start":{"line":20,"column":2},"end":{"line":24,"column":null}},"type":"if","locations":[{"start":{"line":20,"column":2},"end":{"line":24,"column":null}},{"start":{"line":20,"column":2},"end":{"line":24,"column":null}}]},"1":{"loc":{"start":{"line":26,"column":2},"end":{"line":44,"column":null}},"type":"if","locations":[{"start":{"line":26,"column":2},"end":{"line":44,"column":null}},{"start":{"line":26,"column":2},"end":{"line":44,"column":null}}]},"2":{"loc":{"start":{"line":28,"column":9},"end":{"line":44,"column":null}},"type":"if","locations":[{"start":{"line":28,"column":9},"end":{"line":44,"column":null}},{"start":{"line":28,"column":9},"end":{"line":44,"column":null}}]},"3":{"loc":{"start":{"line":28,"column":13},"end":{"line":28,"column":16}},"type":"binary-expr","locations":[{"start":{"line":28,"column":13},"end":{"line":28,"column":16}},{"start":{"line":28,"column":20},"end":{"line":28,"column":26}}]}},"s":{"0":0,"1":0,"2":0,"3":0,"4":0,"5":0,"6":0,"7":0,"8":0,"9":0,"10":0,"11":0,"12":0,"13":0,"14":0,"15":0,"16":0,"17":0,"18":0,"19":0,"20":0,"21":0,"22":0,"23":0,"24":0},"f":{"0":0,"1":0},"b":{"0":[0,0],"1":[0,0],"2":[0,0],"3":[0,0]}}
,"C:\\Users\\Yulia\\Desktop\\epam\\netflixroulette\\netflixroulette\\src\\components\\movies-results-info\\movies-results-info.tsx": {"path":"C:\\Users\\Yulia\\Desktop\\epam\\netflixroulette\\netflixroulette\\src\\components\\movies-results-info\\movies-results-info.tsx","statementMap":{"0":{"start":{"line":1,"column":0},"end":{"line":1,"column":31}},"1":{"start":{"line":2,"column":0},"end":{"line":2,"column":55}},"2":{"start":{"line":3,"column":0},"end":{"line":3,"column":44}},"3":{"start":{"line":4,"column":0},"end":{"line":4,"column":62}},"4":{"start":{"line":5,"column":0},"end":{"line":5,"column":62}},"5":{"start":{"line":6,"column":0},"end":{"line":6,"column":60}},"6":{"start":{"line":8,"column":0},"end":{"line":8,"column":35}},"7":{"start":{"line":10,"column":14},"end":{"line":20,"column":2}},"8":{"start":{"line":22,"column":35},"end":{"line":39,"column":1}},"9":{"start":{"line":23,"column":13},"end":{"line":23,"column":37}},"10":{"start":{"line":24,"column":19},"end":{"line":24,"column":32}},"11":{"start":{"line":26,"column":23},"end":{"line":29,"column":8}},"12":{"start":{"line":27,"column":4},"end":{"line":27,"column":31}},"13":{"start":{"line":28,"column":4},"end":{"line":28,"column":28}},"14":{"start":{"line":31,"column":2},"end":{"line":38,"column":null}},"15":{"start":{"line":41,"column":0},"end":{"line":41,"column":33}}},"fnMap":{"0":{"name":"(anonymous_0)","decl":{"start":{"line":22,"column":35},"end":{"line":22,"column":38}},"loc":{"start":{"line":22,"column":40},"end":{"line":39,"column":1}}},"1":{"name":"(anonymous_1)","decl":{"start":{"line":26,"column":41},"end":{"line":26,"column":42}},"loc":{"start":{"line":26,"column":54},"end":{"line":29,"column":3}}}},"branchMap":{},"s":{"0":0,"1":0,"2":0,"3":0,"4":0,"5":0,"6":0,"7":0,"8":0,"9":0,"10":0,"11":0,"12":0,"13":0,"14":0,"15":0},"f":{"0":0,"1":0},"b":{}}
,"C:\\Users\\Yulia\\Desktop\\epam\\netflixroulette\\netflixroulette\\src\\components\\poster\\index.ts": {"path":"C:\\Users\\Yulia\\Desktop\\epam\\netflixroulette\\netflixroulette\\src\\components\\poster\\index.ts","statementMap":{"0":{"start":{"line":1,"column":0},"end":{"line":1,"column":29}},"1":{"start":{"line":3,"column":0},"end":{"line":3,"column":22}}},"fnMap":{},"branchMap":{},"s":{"0":2,"1":2},"f":{},"b":{}}
,"C:\\Users\\Yulia\\Desktop\\epam\\netflixroulette\\netflixroulette\\src\\components\\poster\\poster.tsx": {"path":"C:\\Users\\Yulia\\Desktop\\epam\\netflixroulette\\netflixroulette\\src\\components\\poster\\poster.tsx","statementMap":{"0":{"start":{"line":1,"column":0},"end":{"line":1,"column":31}},"1":{"start":{"line":2,"column":0},"end":{"line":2,"column":73}},"2":{"start":{"line":10,"column":38},"end":{"line":25,"column":1}},"3":{"start":{"line":12,"column":29},"end":{"line":12,"column":57}},"4":{"start":{"line":14,"column":2},"end":{"line":16,"column":null}},"5":{"start":{"line":15,"column":4},"end":{"line":15,"column":null}},"6":{"start":{"line":18,"column":2},"end":{"line":24,"column":null}},"7":{"start":{"line":22,"column":21},"end":{"line":22,"column":49}},"8":{"start":{"line":27,"column":0},"end":{"line":27,"column":22}}},"fnMap":{"0":{"name":"(anonymous_0)","decl":{"start":{"line":10,"column":38},"end":{"line":10,"column":39}},"loc":{"start":{"line":10,"column":72},"end":{"line":25,"column":1}}},"1":{"name":"(anonymous_1)","decl":{"start":{"line":14,"column":18},"end":{"line":14,"column":21}},"loc":{"start":{"line":14,"column":23},"end":{"line":16,"column":3}}},"2":{"name":"(anonymous_2)","decl":{"start":{"line":22,"column":15},"end":{"line":22,"column":18}},"loc":{"start":{"line":22,"column":21},"end":{"line":22,"column":49}}}},"branchMap":{},"s":{"0":3,"1":3,"2":3,"3":1,"4":1,"5":0,"6":1,"7":0,"8":3},"f":{"0":1,"1":0,"2":0},"b":{}}
,"C:\\Users\\Yulia\\Desktop\\epam\\netflixroulette\\netflixroulette\\src\\components\\radio-toolbar\\index.ts": {"path":"C:\\Users\\Yulia\\Desktop\\epam\\netflixroulette\\netflixroulette\\src\\components\\radio-toolbar\\index.ts","statementMap":{"0":{"start":{"line":1,"column":0},"end":{"line":1,"column":43}},"1":{"start":{"line":3,"column":0},"end":{"line":3,"column":28}}},"fnMap":{},"branchMap":{},"s":{"0":1,"1":1},"f":{},"b":{}}
,"C:\\Users\\Yulia\\Desktop\\epam\\netflixroulette\\netflixroulette\\src\\components\\radio-toolbar\\radio-toolbar.tsx": {"path":"C:\\Users\\Yulia\\Desktop\\epam\\netflixroulette\\netflixroulette\\src\\components\\radio-toolbar\\radio-toolbar.tsx","statementMap":{"0":{"start":{"line":1,"column":0},"end":{"line":1,"column":31}},"1":{"start":{"line":14,"column":50},"end":{"line":31,"column":1}},"2":{"start":{"line":15,"column":4},"end":{"line":30,"column":null}},"3":{"start":{"line":22,"column":8},"end":{"line":27,"column":null}},"4":{"start":{"line":24,"column":126},"end":{"line":24,"column":143}},"5":{"start":{"line":33,"column":0},"end":{"line":33,"column":28}}},"fnMap":{"0":{"name":"(anonymous_0)","decl":{"start":{"line":14,"column":50},"end":{"line":14,"column":51}},"loc":{"start":{"line":14,"column":99},"end":{"line":31,"column":1}}},"1":{"name":"(anonymous_1)","decl":{"start":{"line":20,"column":17},"end":{"line":20,"column":21}},"loc":{"start":{"line":20,"column":24},"end":{"line":28,"column":7}}},"2":{"name":"(anonymous_2)","decl":{"start":{"line":24,"column":122},"end":{"line":24,"column":124}},"loc":{"start":{"line":24,"column":126},"end":{"line":24,"column":143}}}},"branchMap":{"0":{"loc":{"start":{"line":14,"column":67},"end":{"line":14,"column":76}},"type":"default-arg","locations":[{"start":{"line":14,"column":67},"end":{"line":14,"column":76}}]},"1":{"loc":{"start":{"line":25,"column":41},"end":{"line":25,"column":51}},"type":"binary-expr","locations":[{"start":{"line":25,"column":41},"end":{"line":25,"column":51}},{"start":{"line":25,"column":55},"end":{"line":25,"column":62}}]}},"s":{"0":2,"1":2,"2":1,"3":2,"4":0,"5":2},"f":{"0":1,"1":2,"2":0},"b":{"0":[1],"1":[2,1]}}
,"C:\\Users\\Yulia\\Desktop\\epam\\netflixroulette\\netflixroulette\\src\\components\\search-form\\search-form.tsx": {"path":"C:\\Users\\Yulia\\Desktop\\epam\\netflixroulette\\netflixroulette\\src\\components\\search-form\\search-form.tsx","statementMap":{"0":{"start":{"line":1,"column":0},"end":{"line":1,"column":31}},"1":{"start":{"line":2,"column":0},"end":{"line":2,"column":42}},"2":{"start":{"line":3,"column":0},"end":{"line":3,"column":49}},"3":{"start":{"line":4,"column":0},"end":{"line":4,"column":76}},"4":{"start":{"line":5,"column":0},"end":{"line":5,"column":60}},"5":{"start":{"line":7,"column":0},"end":{"line":7,"column":27}},"6":{"start":{"line":9,"column":28},"end":{"line":31,"column":1}},"7":{"start":{"line":10,"column":19},"end":{"line":10,"column":32}},"8":{"start":{"line":11,"column":23},"end":{"line":14,"column":3}},"9":{"start":{"line":12,"column":4},"end":{"line":12,"column":23}},"10":{"start":{"line":13,"column":4},"end":{"line":13,"column":null}},"11":{"start":{"line":16,"column":28},"end":{"line":18,"column":8}},"12":{"start":{"line":17,"column":4},"end":{"line":17,"column":null}},"13":{"start":{"line":20,"column":25},"end":{"line":23,"column":8}},"14":{"start":{"line":21,"column":4},"end":{"line":21,"column":29}},"15":{"start":{"line":22,"column":4},"end":{"line":22,"column":28}},"16":{"start":{"line":25,"column":2},"end":{"line":30,"column":null}},"17":{"start":{"line":33,"column":0},"end":{"line":33,"column":26}}},"fnMap":{"0":{"name":"(anonymous_0)","decl":{"start":{"line":9,"column":28},"end":{"line":9,"column":31}},"loc":{"start":{"line":9,"column":33},"end":{"line":31,"column":1}}},"1":{"name":"(anonymous_1)","decl":{"start":{"line":11,"column":23},"end":{"line":11,"column":24}},"loc":{"start":{"line":11,"column":59},"end":{"line":14,"column":3}}},"2":{"name":"(anonymous_2)","decl":{"start":{"line":16,"column":46},"end":{"line":16,"column":47}},"loc":{"start":{"line":16,"column":88},"end":{"line":18,"column":3}}},"3":{"name":"(anonymous_3)","decl":{"start":{"line":20,"column":43},"end":{"line":20,"column":44}},"loc":{"start":{"line":20,"column":56},"end":{"line":23,"column":3}}}},"branchMap":{},"s":{"0":0,"1":0,"2":0,"3":0,"4":0,"5":0,"6":0,"7":0,"8":0,"9":0,"10":0,"11":0,"12":0,"13":0,"14":0,"15":0,"16":0,"17":0},"f":{"0":0,"1":0,"2":0,"3":0},"b":{}}
,"C:\\Users\\Yulia\\Desktop\\epam\\netflixroulette\\netflixroulette\\src\\components\\search-form-view\\search-form-view.tsx": {"path":"C:\\Users\\Yulia\\Desktop\\epam\\netflixroulette\\netflixroulette\\src\\components\\search-form-view\\search-form-view.tsx","statementMap":{"0":{"start":{"line":1,"column":0},"end":{"line":1,"column":31}},"1":{"start":{"line":2,"column":0},"end":{"line":2,"column":44}},"2":{"start":{"line":10,"column":14},"end":{"line":19,"column":2}},"3":{"start":{"line":21,"column":54},"end":{"line":48,"column":1}},"4":{"start":{"line":22,"column":2},"end":{"line":47,"column":null}},"5":{"start":{"line":50,"column":0},"end":{"line":50,"column":30}}},"fnMap":{"0":{"name":"(anonymous_0)","decl":{"start":{"line":21,"column":54},"end":{"line":21,"column":55}},"loc":{"start":{"line":21,"column":110},"end":{"line":48,"column":1}}}},"branchMap":{},"s":{"0":1,"1":1,"2":1,"3":1,"4":1,"5":1},"f":{"0":1},"b":{}}
,"C:\\Users\\Yulia\\Desktop\\epam\\netflixroulette\\netflixroulette\\src\\components\\spinner\\spinner.tsx": {"path":"C:\\Users\\Yulia\\Desktop\\epam\\netflixroulette\\netflixroulette\\src\\components\\spinner\\spinner.tsx","statementMap":{"0":{"start":{"line":1,"column":0},"end":{"line":1,"column":31}},"1":{"start":{"line":3,"column":0},"end":{"line":3,"column":23}},"2":{"start":{"line":5,"column":25},"end":{"line":14,"column":1}},"3":{"start":{"line":6,"column":2},"end":{"line":13,"column":4}},"4":{"start":{"line":16,"column":0},"end":{"line":16,"column":23}}},"fnMap":{"0":{"name":"(anonymous_0)","decl":{"start":{"line":5,"column":25},"end":{"line":5,"column":28}},"loc":{"start":{"line":5,"column":30},"end":{"line":14,"column":1}}}},"branchMap":{},"s":{"0":1,"1":1,"2":1,"3":1,"4":1},"f":{"0":1},"b":{}}
,"C:\\Users\\Yulia\\Desktop\\epam\\netflixroulette\\netflixroulette\\src\\containers\\footer\\footer.tsx": {"path":"C:\\Users\\Yulia\\Desktop\\epam\\netflixroulette\\netflixroulette\\src\\containers\\footer\\footer.tsx","statementMap":{"0":{"start":{"line":1,"column":0},"end":{"line":1,"column":31}},"1":{"start":{"line":2,"column":0},"end":{"line":2,"column":41}},"2":{"start":{"line":4,"column":0},"end":{"line":4,"column":22}},"3":{"start":{"line":6,"column":24},"end":{"line":6,"column":55}},"4":{"start":{"line":6,"column":30},"end":{"line":6,"column":55}},"5":{"start":{"line":8,"column":0},"end":{"line":8,"column":22}}},"fnMap":{"0":{"name":"(anonymous_0)","decl":{"start":{"line":6,"column":24},"end":{"line":6,"column":27}},"loc":{"start":{"line":6,"column":30},"end":{"line":6,"column":55}}}},"branchMap":{},"s":{"0":1,"1":1,"2":1,"3":1,"4":1,"5":1},"f":{"0":1},"b":{}}
,"C:\\Users\\Yulia\\Desktop\\epam\\netflixroulette\\netflixroulette\\src\\containers\\header\\header.tsx": {"path":"C:\\Users\\Yulia\\Desktop\\epam\\netflixroulette\\netflixroulette\\src\\containers\\header\\header.tsx","statementMap":{"0":{"start":{"line":1,"column":0},"end":{"line":1,"column":31}},"1":{"start":{"line":2,"column":0},"end":{"line":2,"column":42}},"2":{"start":{"line":3,"column":0},"end":{"line":3,"column":41}},"3":{"start":{"line":4,"column":0},"end":{"line":4,"column":48}},"4":{"start":{"line":5,"column":0},"end":{"line":5,"column":62}},"5":{"start":{"line":7,"column":0},"end":{"line":7,"column":22}},"6":{"start":{"line":9,"column":24},"end":{"line":21,"column":1}},"7":{"start":{"line":10,"column":15},"end":{"line":10,"column":35}},"8":{"start":{"line":12,"column":2},"end":{"line":14,"column":null}},"9":{"start":{"line":13,"column":4},"end":{"line":13,"column":null}},"10":{"start":{"line":15,"column":2},"end":{"line":20,"column":null}},"11":{"start":{"line":23,"column":0},"end":{"line":23,"column":22}}},"fnMap":{"0":{"name":"(anonymous_0)","decl":{"start":{"line":9,"column":24},"end":{"line":9,"column":27}},"loc":{"start":{"line":9,"column":29},"end":{"line":21,"column":1}}}},"branchMap":{"0":{"loc":{"start":{"line":12,"column":2},"end":{"line":14,"column":null}},"type":"if","locations":[{"start":{"line":12,"column":2},"end":{"line":14,"column":null}},{"start":{"line":12,"column":2},"end":{"line":14,"column":null}}]}},"s":{"0":0,"1":0,"2":0,"3":0,"4":0,"5":0,"6":0,"7":0,"8":0,"9":0,"10":0,"11":0},"f":{"0":0},"b":{"0":[0,0]}}
,"C:\\Users\\Yulia\\Desktop\\epam\\netflixroulette\\netflixroulette\\src\\containers\\info-container\\info-container.tsx": {"path":"C:\\Users\\Yulia\\Desktop\\epam\\netflixroulette\\netflixroulette\\src\\containers\\info-container\\info-container.tsx","statementMap":{"0":{"start":{"line":1,"column":0},"end":{"line":1,"column":31}},"1":{"start":{"line":3,"column":0},"end":{"line":3,"column":30}},"2":{"start":{"line":9,"column":52},"end":{"line":11,"column":1}},"3":{"start":{"line":10,"column":4},"end":{"line":10,"column":null}},"4":{"start":{"line":13,"column":0},"end":{"line":13,"column":29}}},"fnMap":{"0":{"name":"(anonymous_0)","decl":{"start":{"line":9,"column":52},"end":{"line":9,"column":53}},"loc":{"start":{"line":9,"column":62},"end":{"line":11,"column":1}}}},"branchMap":{},"s":{"0":1,"1":1,"2":1,"3":1,"4":1},"f":{"0":1},"b":{}}
,"C:\\Users\\Yulia\\Desktop\\epam\\netflixroulette\\netflixroulette\\src\\helpers\\helpers.ts": {"path":"C:\\Users\\Yulia\\Desktop\\epam\\netflixroulette\\netflixroulette\\src\\helpers\\helpers.ts","statementMap":{"0":{"start":{"line":1,"column":13},"end":{"line":5,"column":2}},"1":{"start":{"line":4,"column":2},"end":{"line":4,"column":37}}},"fnMap":{"0":{"name":"(anonymous_0)","decl":{"start":{"line":1,"column":57},"end":{"line":1,"column":null}},"loc":{"start":{"line":2,"column":12},"end":{"line":5,"column":1}}}},"branchMap":{},"s":{"0":0,"1":0},"f":{"0":0},"b":{}}
,"C:\\Users\\Yulia\\Desktop\\epam\\netflixroulette\\netflixroulette\\src\\redux\\root-reducer.tsx": {"path":"C:\\Users\\Yulia\\Desktop\\epam\\netflixroulette\\netflixroulette\\src\\redux\\root-reducer.tsx","statementMap":{"0":{"start":{"line":1,"column":0},"end":{"line":1,"column":40}},"1":{"start":{"line":2,"column":0},"end":{"line":2,"column":56}},"2":{"start":{"line":3,"column":0},"end":{"line":3,"column":56}},"3":{"start":{"line":4,"column":0},"end":{"line":4,"column":64}},"4":{"start":{"line":6,"column":16},"end":{"line":10,"column":2}},"5":{"start":{"line":12,"column":0},"end":{"line":12,"column":23}}},"fnMap":{},"branchMap":{},"s":{"0":1,"1":1,"2":1,"3":1,"4":1,"5":1},"f":{},"b":{}}
,"C:\\Users\\Yulia\\Desktop\\epam\\netflixroulette\\netflixroulette\\src\\redux\\store.ts": {"path":"C:\\Users\\Yulia\\Desktop\\epam\\netflixroulette\\netflixroulette\\src\\redux\\store.ts","statementMap":{"0":{"start":{"line":1,"column":0},"end":{"line":1,"column":48}},"1":{"start":{"line":2,"column":0},"end":{"line":2,"column":34}},"2":{"start":{"line":3,"column":0},"end":{"line":3,"column":32}},"3":{"start":{"line":4,"column":0},"end":{"line":4,"column":53}},"4":{"start":{"line":5,"column":0},"end":{"line":5,"column":61}},"5":{"start":{"line":6,"column":0},"end":{"line":6,"column":37}},"6":{"start":{"line":8,"column":22},"end":{"line":11,"column":null}},"7":{"start":{"line":13,"column":25},"end":{"line":13,"column":63}},"8":{"start":{"line":15,"column":13},"end":{"line":15,"column":null}},"9":{"start":{"line":16,"column":13},"end":{"line":16,"column":null}}},"fnMap":{},"branchMap":{},"s":{"0":1,"1":1,"2":1,"3":1,"4":1,"5":1,"6":1,"7":1,"8":1,"9":1},"f":{},"b":{}}
,"C:\\Users\\Yulia\\Desktop\\epam\\netflixroulette\\netflixroulette\\src\\services\\movies\\actions.ts": {"path":"C:\\Users\\Yulia\\Desktop\\epam\\netflixroulette\\netflixroulette\\src\\services\\movies\\actions.ts","statementMap":{"0":{"start":{"line":1,"column":0},"end":{"line":1,"column":42}},"1":{"start":{"line":4,"column":13},"end":{"line":4,"column":59}},"2":{"start":{"line":5,"column":13},"end":{"line":9,"column":null}},"3":{"start":{"line":6,"column":2},"end":{"line":8,"column":null}},"4":{"start":{"line":11,"column":13},"end":{"line":11,"column":59}},"5":{"start":{"line":12,"column":13},"end":{"line":17,"column":null}},"6":{"start":{"line":13,"column":2},"end":{"line":16,"column":null}},"7":{"start":{"line":19,"column":13},"end":{"line":19,"column":77}},"8":{"start":{"line":20,"column":13},"end":{"line":25,"column":null}},"9":{"start":{"line":21,"column":2},"end":{"line":24,"column":null}},"10":{"start":{"line":27,"column":13},"end":{"line":27,"column":59}},"11":{"start":{"line":28,"column":13},"end":{"line":33,"column":null}},"12":{"start":{"line":29,"column":2},"end":{"line":32,"column":null}},"13":{"start":{"line":35,"column":13},"end":{"line":45,"column":null}},"14":{"start":{"line":36,"column":16},"end":{"line":36,"column":32}},"15":{"start":{"line":37,"column":44},"end":{"line":37,"column":63}},"16":{"start":{"line":38,"column":2},"end":{"line":44,"column":null}},"17":{"start":{"line":39,"column":6},"end":{"line":39,"column":34}},"18":{"start":{"line":40,"column":6},"end":{"line":43,"column":60}},"19":{"start":{"line":41,"column":30},"end":{"line":41,"column":45}},"20":{"start":{"line":42,"column":27},"end":{"line":42,"column":56}},"21":{"start":{"line":43,"column":32},"end":{"line":43,"column":58}},"22":{"start":{"line":47,"column":13},"end":{"line":57,"column":null}},"23":{"start":{"line":48,"column":16},"end":{"line":48,"column":32}},"24":{"start":{"line":49,"column":25},"end":{"line":49,"column":48}},"25":{"start":{"line":50,"column":2},"end":{"line":56,"column":null}},"26":{"start":{"line":51,"column":6},"end":{"line":51,"column":34}},"27":{"start":{"line":52,"column":6},"end":{"line":55,"column":60}},"28":{"start":{"line":53,"column":30},"end":{"line":53,"column":45}},"29":{"start":{"line":54,"column":27},"end":{"line":54,"column":63}},"30":{"start":{"line":55,"column":32},"end":{"line":55,"column":58}}},"fnMap":{"0":{"name":"(anonymous_0)","decl":{"start":{"line":5,"column":31},"end":{"line":5,"column":34}},"loc":{"start":{"line":5,"column":36},"end":{"line":9,"column":1}}},"1":{"name":"(anonymous_1)","decl":{"start":{"line":12,"column":28},"end":{"line":12,"column":29}},"loc":{"start":{"line":12,"column":43},"end":{"line":17,"column":1}}},"2":{"name":"(anonymous_2)","decl":{"start":{"line":20,"column":35},"end":{"line":20,"column":36}},"loc":{"start":{"line":20,"column":50},"end":{"line":25,"column":1}}},"3":{"name":"(anonymous_3)","decl":{"start":{"line":28,"column":27},"end":{"line":28,"column":28}},"loc":{"start":{"line":28,"column":43},"end":{"line":33,"column":1}}},"4":{"name":"(anonymous_4)","decl":{"start":{"line":35,"column":27},"end":{"line":35,"column":30}},"loc":{"start":{"line":35,"column":32},"end":{"line":45,"column":1}}},"5":{"name":"(anonymous_5)","decl":{"start":{"line":38,"column":9},"end":{"line":38,"column":10}},"loc":{"start":{"line":38,"column":22},"end":{"line":44,"column":3}}},"6":{"name":"(anonymous_6)","decl":{"start":{"line":41,"column":16},"end":{"line":41,"column":17}},"loc":{"start":{"line":41,"column":30},"end":{"line":41,"column":45}}},"7":{"name":"(anonymous_7)","decl":{"start":{"line":42,"column":16},"end":{"line":42,"column":17}},"loc":{"start":{"line":42,"column":27},"end":{"line":42,"column":56}}},"8":{"name":"(anonymous_8)","decl":{"start":{"line":43,"column":17},"end":{"line":43,"column":18}},"loc":{"start":{"line":43,"column":32},"end":{"line":43,"column":58}}},"9":{"name":"(anonymous_9)","decl":{"start":{"line":47,"column":35},"end":{"line":47,"column":38}},"loc":{"start":{"line":47,"column":40},"end":{"line":57,"column":1}}},"10":{"name":"(anonymous_10)","decl":{"start":{"line":50,"column":9},"end":{"line":50,"column":10}},"loc":{"start":{"line":50,"column":22},"end":{"line":56,"column":3}}},"11":{"name":"(anonymous_11)","decl":{"start":{"line":53,"column":16},"end":{"line":53,"column":17}},"loc":{"start":{"line":53,"column":30},"end":{"line":53,"column":45}}},"12":{"name":"(anonymous_12)","decl":{"start":{"line":54,"column":16},"end":{"line":54,"column":17}},"loc":{"start":{"line":54,"column":27},"end":{"line":54,"column":63}}},"13":{"name":"(anonymous_13)","decl":{"start":{"line":55,"column":17},"end":{"line":55,"column":18}},"loc":{"start":{"line":55,"column":32},"end":{"line":55,"column":58}}}},"branchMap":{},"s":{"0":1,"1":1,"2":1,"3":0,"4":1,"5":1,"6":0,"7":1,"8":1,"9":0,"10":1,"11":1,"12":0,"13":1,"14":0,"15":0,"16":0,"17":0,"18":0,"19":0,"20":0,"21":0,"22":1,"23":0,"24":0,"25":0,"26":0,"27":0,"28":0,"29":0,"30":0},"f":{"0":0,"1":0,"2":0,"3":0,"4":0,"5":0,"6":0,"7":0,"8":0,"9":0,"10":0,"11":0,"12":0,"13":0},"b":{}}
,"C:\\Users\\Yulia\\Desktop\\epam\\netflixroulette\\netflixroulette\\src\\services\\movies\\reducers.ts": {"path":"C:\\Users\\Yulia\\Desktop\\epam\\netflixroulette\\netflixroulette\\src\\services\\movies\\reducers.ts","statementMap":{"0":{"start":{"line":2,"column":0},"end":{"line":2,"column":37}},"1":{"start":{"line":4,"column":13},"end":{"line":11,"column":null}},"2":{"start":{"line":14,"column":2},"end":{"line":49,"column":null}},"3":{"start":{"line":16,"column":6},"end":{"line":19,"column":null}},"4":{"start":{"line":22,"column":6},"end":{"line":26,"column":null}},"5":{"start":{"line":29,"column":6},"end":{"line":35,"column":null}},"6":{"start":{"line":38,"column":6},"end":{"line":45,"column":null}},"7":{"start":{"line":48,"column":6},"end":{"line":48,"column":19}},"8":{"start":{"line":13,"column":0},"end":{"line":13,"column":24}}},"fnMap":{"0":{"name":"moviesReducer","decl":{"start":{"line":13,"column":24},"end":{"line":13,"column":37}},"loc":{"start":{"line":13,"column":66},"end":{"line":50,"column":1}}}},"branchMap":{"0":{"loc":{"start":{"line":13,"column":46},"end":{"line":13,"column":58}},"type":"default-arg","locations":[{"start":{"line":13,"column":46},"end":{"line":13,"column":58}}]},"1":{"loc":{"start":{"line":15,"column":4},"end":{"line":19,"column":null}},"type":"switch","locations":[{"start":{"line":15,"column":4},"end":{"line":19,"column":null}},{"start":{"line":21,"column":4},"end":{"line":26,"column":null}},{"start":{"line":28,"column":4},"end":{"line":35,"column":null}},{"start":{"line":37,"column":4},"end":{"line":45,"column":null}},{"start":{"line":47,"column":4},"end":{"line":48,"column":19}}]}},"s":{"0":1,"1":1,"2":5,"3":1,"4":1,"5":1,"6":1,"7":1,"8":1},"f":{"0":5},"b":{"0":[0],"1":[1,1,1,1,1]}}
,"C:\\Users\\Yulia\\Desktop\\epam\\netflixroulette\\netflixroulette\\src\\services\\movies\\selectors.ts": {"path":"C:\\Users\\Yulia\\Desktop\\epam\\netflixroulette\\netflixroulette\\src\\services\\movies\\selectors.ts","statementMap":{"0":{"start":{"line":3,"column":13},"end":{"line":3,"column":77}},"1":{"start":{"line":3,"column":50},"end":{"line":3,"column":76}},"2":{"start":{"line":5,"column":13},"end":{"line":5,"column":75}},"3":{"start":{"line":5,"column":52},"end":{"line":5,"column":74}},"4":{"start":{"line":7,"column":13},"end":{"line":7,"column":92}},"5":{"start":{"line":7,"column":58},"end":{"line":7,"column":91}},"6":{"start":{"line":9,"column":13},"end":{"line":9,"column":79}},"7":{"start":{"line":9,"column":51},"end":{"line":9,"column":78}}},"fnMap":{"0":{"name":"(anonymous_0)","decl":{"start":{"line":3,"column":25},"end":{"line":3,"column":26}},"loc":{"start":{"line":3,"column":50},"end":{"line":3,"column":76}}},"1":{"name":"(anonymous_1)","decl":{"start":{"line":5,"column":27},"end":{"line":5,"column":28}},"loc":{"start":{"line":5,"column":52},"end":{"line":5,"column":74}}},"2":{"name":"(anonymous_2)","decl":{"start":{"line":7,"column":33},"end":{"line":7,"column":34}},"loc":{"start":{"line":7,"column":58},"end":{"line":7,"column":91}}},"3":{"name":"(anonymous_3)","decl":{"start":{"line":9,"column":26},"end":{"line":9,"column":27}},"loc":{"start":{"line":9,"column":51},"end":{"line":9,"column":78}}}},"branchMap":{},"s":{"0":0,"1":0,"2":0,"3":0,"4":0,"5":0,"6":0,"7":0},"f":{"0":0,"1":0,"2":0,"3":0},"b":{}}
,"C:\\Users\\Yulia\\Desktop\\epam\\netflixroulette\\netflixroulette\\src\\services\\navigation\\actions.ts": {"path":"C:\\Users\\Yulia\\Desktop\\epam\\netflixroulette\\netflixroulette\\src\\services\\navigation\\actions.ts","statementMap":{"0":{"start":{"line":3,"column":13},"end":{"line":3,"column":45}},"1":{"start":{"line":4,"column":13},"end":{"line":9,"column":null}},"2":{"start":{"line":5,"column":2},"end":{"line":8,"column":null}},"3":{"start":{"line":11,"column":13},"end":{"line":11,"column":43}},"4":{"start":{"line":12,"column":13},"end":{"line":16,"column":null}},"5":{"start":{"line":13,"column":2},"end":{"line":15,"column":null}}},"fnMap":{"0":{"name":"(anonymous_0)","decl":{"start":{"line":4,"column":27},"end":{"line":4,"column":28}},"loc":{"start":{"line":4,"column":51},"end":{"line":9,"column":1}}},"1":{"name":"(anonymous_1)","decl":{"start":{"line":12,"column":26},"end":{"line":12,"column":29}},"loc":{"start":{"line":12,"column":31},"end":{"line":16,"column":1}}}},"branchMap":{},"s":{"0":2,"1":2,"2":0,"3":2,"4":2,"5":0},"f":{"0":0,"1":0},"b":{}}
,"C:\\Users\\Yulia\\Desktop\\epam\\netflixroulette\\netflixroulette\\src\\services\\navigation\\reducers.ts": {"path":"C:\\Users\\Yulia\\Desktop\\epam\\netflixroulette\\netflixroulette\\src\\services\\navigation\\reducers.ts","statementMap":{"0":{"start":{"line":1,"column":0},"end":{"line":1,"column":37}},"1":{"start":{"line":4,"column":13},"end":{"line":8,"column":null}},"2":{"start":{"line":11,"column":2},"end":{"line":28,"column":null}},"3":{"start":{"line":13,"column":6},"end":{"line":17,"column":null}},"4":{"start":{"line":20,"column":6},"end":{"line":24,"column":null}},"5":{"start":{"line":27,"column":6},"end":{"line":27,"column":19}},"6":{"start":{"line":10,"column":0},"end":{"line":10,"column":24}}},"fnMap":{"0":{"name":"navigationReducer","decl":{"start":{"line":10,"column":24},"end":{"line":10,"column":41}},"loc":{"start":{"line":10,"column":70},"end":{"line":29,"column":1}}}},"branchMap":{"0":{"loc":{"start":{"line":10,"column":50},"end":{"line":10,"column":62}},"type":"default-arg","locations":[{"start":{"line":10,"column":50},"end":{"line":10,"column":62}}]},"1":{"loc":{"start":{"line":12,"column":4},"end":{"line":17,"column":null}},"type":"switch","locations":[{"start":{"line":12,"column":4},"end":{"line":17,"column":null}},{"start":{"line":19,"column":4},"end":{"line":24,"column":null}},{"start":{"line":26,"column":4},"end":{"line":27,"column":19}}]}},"s":{"0":2,"1":2,"2":8,"3":1,"4":1,"5":6,"6":2},"f":{"0":8},"b":{"0":[3],"1":[1,1,6]}}
,"C:\\Users\\Yulia\\Desktop\\epam\\netflixroulette\\netflixroulette\\src\\services\\navigation\\selectors.ts": {"path":"C:\\Users\\Yulia\\Desktop\\epam\\netflixroulette\\netflixroulette\\src\\services\\navigation\\selectors.ts","statementMap":{"0":{"start":{"line":3,"column":13},"end":{"line":3,"column":77}},"1":{"start":{"line":3,"column":48},"end":{"line":3,"column":76}},"2":{"start":{"line":5,"column":13},"end":{"line":5,"column":86}},"3":{"start":{"line":5,"column":56},"end":{"line":5,"column":85}},"4":{"start":{"line":7,"column":13},"end":{"line":7,"column":89}},"5":{"start":{"line":7,"column":54},"end":{"line":7,"column":88}}},"fnMap":{"0":{"name":"(anonymous_0)","decl":{"start":{"line":3,"column":23},"end":{"line":3,"column":24}},"loc":{"start":{"line":3,"column":48},"end":{"line":3,"column":76}}},"1":{"name":"(anonymous_1)","decl":{"start":{"line":5,"column":31},"end":{"line":5,"column":32}},"loc":{"start":{"line":5,"column":56},"end":{"line":5,"column":85}}},"2":{"name":"(anonymous_2)","decl":{"start":{"line":7,"column":29},"end":{"line":7,"column":30}},"loc":{"start":{"line":7,"column":54},"end":{"line":7,"column":88}}}},"branchMap":{},"s":{"0":0,"1":0,"2":0,"3":0,"4":0,"5":0},"f":{"0":0,"1":0,"2":0},"b":{}}
,"C:\\Users\\Yulia\\Desktop\\epam\\netflixroulette\\netflixroulette\\src\\services\\search\\actions.ts": {"path":"C:\\Users\\Yulia\\Desktop\\epam\\netflixroulette\\netflixroulette\\src\\services\\search\\actions.ts","statementMap":{"0":{"start":{"line":1,"column":13},"end":{"line":1,"column":51}},"1":{"start":{"line":2,"column":13},"end":{"line":7,"column":null}},"2":{"start":{"line":3,"column":2},"end":{"line":6,"column":null}},"3":{"start":{"line":9,"column":13},"end":{"line":9,"column":45}},"4":{"start":{"line":10,"column":13},"end":{"line":15,"column":null}},"5":{"start":{"line":11,"column":2},"end":{"line":14,"column":null}},"6":{"start":{"line":17,"column":13},"end":{"line":17,"column":49}},"7":{"start":{"line":18,"column":13},"end":{"line":23,"column":null}},"8":{"start":{"line":19,"column":2},"end":{"line":22,"column":null}}},"fnMap":{"0":{"name":"(anonymous_0)","decl":{"start":{"line":2,"column":30},"end":{"line":2,"column":31}},"loc":{"start":{"line":2,"column":47},"end":{"line":7,"column":1}}},"1":{"name":"(anonymous_1)","decl":{"start":{"line":10,"column":27},"end":{"line":10,"column":28}},"loc":{"start":{"line":10,"column":44},"end":{"line":15,"column":1}}},"2":{"name":"(anonymous_2)","decl":{"start":{"line":18,"column":29},"end":{"line":18,"column":30}},"loc":{"start":{"line":18,"column":46},"end":{"line":23,"column":1}}}},"branchMap":{},"s":{"0":2,"1":2,"2":0,"3":2,"4":2,"5":0,"6":2,"7":2,"8":0},"f":{"0":0,"1":0,"2":0},"b":{}}
,"C:\\Users\\Yulia\\Desktop\\epam\\netflixroulette\\netflixroulette\\src\\services\\search\\reducers.ts": {"path":"C:\\Users\\Yulia\\Desktop\\epam\\netflixroulette\\netflixroulette\\src\\services\\search\\reducers.ts","statementMap":{"0":{"start":{"line":1,"column":0},"end":{"line":1,"column":36}},"1":{"start":{"line":4,"column":13},"end":{"line":8,"column":null}},"2":{"start":{"line":11,"column":2},"end":{"line":30,"column":null}},"3":{"start":{"line":13,"column":6},"end":{"line":15,"column":null}},"4":{"start":{"line":18,"column":6},"end":{"line":20,"column":null}},"5":{"start":{"line":23,"column":6},"end":{"line":25,"column":null}},"6":{"start":{"line":29,"column":6},"end":{"line":29,"column":19}},"7":{"start":{"line":10,"column":0},"end":{"line":10,"column":24}}},"fnMap":{"0":{"name":"searchReducer","decl":{"start":{"line":10,"column":24},"end":{"line":10,"column":37}},"loc":{"start":{"line":10,"column":66},"end":{"line":31,"column":1}}}},"branchMap":{"0":{"loc":{"start":{"line":10,"column":46},"end":{"line":10,"column":58}},"type":"default-arg","locations":[{"start":{"line":10,"column":46},"end":{"line":10,"column":58}}]},"1":{"loc":{"start":{"line":12,"column":4},"end":{"line":15,"column":null}},"type":"switch","locations":[{"start":{"line":12,"column":4},"end":{"line":15,"column":null}},{"start":{"line":17,"column":4},"end":{"line":20,"column":null}},{"start":{"line":22,"column":4},"end":{"line":25,"column":null}},{"start":{"line":28,"column":4},"end":{"line":29,"column":19}}]}},"s":{"0":2,"1":2,"2":9,"3":1,"4":1,"5":1,"6":6,"7":2},"f":{"0":9},"b":{"0":[3],"1":[1,1,1,6]}}
,"C:\\Users\\Yulia\\Desktop\\epam\\netflixroulette\\netflixroulette\\src\\services\\search\\selectors.ts": {"path":"C:\\Users\\Yulia\\Desktop\\epam\\netflixroulette\\netflixroulette\\src\\services\\search\\selectors.ts","statementMap":{"0":{"start":{"line":3,"column":13},"end":{"line":3,"column":87}},"1":{"start":{"line":3,"column":55},"end":{"line":3,"column":86}},"2":{"start":{"line":5,"column":13},"end":{"line":5,"column":77}},"3":{"start":{"line":5,"column":50},"end":{"line":5,"column":76}},"4":{"start":{"line":7,"column":13},"end":{"line":7,"column":81}},"5":{"start":{"line":7,"column":52},"end":{"line":7,"column":80}}},"fnMap":{"0":{"name":"(anonymous_0)","decl":{"start":{"line":3,"column":30},"end":{"line":3,"column":31}},"loc":{"start":{"line":3,"column":55},"end":{"line":3,"column":86}}},"1":{"name":"(anonymous_1)","decl":{"start":{"line":5,"column":25},"end":{"line":5,"column":26}},"loc":{"start":{"line":5,"column":50},"end":{"line":5,"column":76}}},"2":{"name":"(anonymous_2)","decl":{"start":{"line":7,"column":27},"end":{"line":7,"column":28}},"loc":{"start":{"line":7,"column":52},"end":{"line":7,"column":80}}}},"branchMap":{},"s":{"0":0,"1":0,"2":0,"3":0,"4":0,"5":0},"f":{"0":0,"1":0,"2":0},"b":{}}
}
